[---Main---Inicio de Main--------------]
There is one device supporting CUDA.

 Device 0:"GeForce 9200M GS
driver: 6runtime:6
---check1---------:
Reading Parameters from file:../model/config
paso else-1:
paso else-1:
paso else-1:
paso else-1:
paso else-1:
paso else-1:
paso else-1:
paso else-1:
paso else-1:
paso else-1:
paso else-1:
paso else-1:
paso else-1:
paso else-1:
paso else-1:
paso else-1:
paso else-1:
paso else-1:
paso else-1:
paso else-1:
paso else-2:
key:
value:
paso uno:
new ModelParameters object: pedestrian
paso else-2:
key:
value:
paso else-2:
key:FILE
value:svm_model
size:1
paso else-2:
key:WINDOW_WIDTH
value:64
size:1
paso else-2:
key:WINDOW_HEIGHT
value:128
size:1
paso else-2:
key:DESCRIPTOR_WIDTH
value:7
size:1
paso else-2:
key:DESCRIPTOR_HEIGHT
value:15
size:1
paso else-2:
key:
value:
paso else-2:
key:
value:
---check2---------:
location.size:8
# models: 1
id.size:10
location:../model
id:pedestrian
filename:svm_model
loading model: ../model/svm_model
---check3---------:
[----UC3M_HOG_GPU---Inicio de test_images-------------]
---->../images/person_and_bike_105.png
[-----HOG---Inicio de hog_process_image_multiscale-------]
[-----HOG---Inicio de hog_process_image-----------------]
[------CalculateGradients--Inicio de compute_gradients--------------]
[-------Inicio de d_compute_gradients-----------------------]
[-------threads.x:16--threads.x:16--grids.x:42--grids.x:32--]
[-------Fin de d_compute_gradients--------------------------]
[------CalculateGradients--Fin de compute_gradients----------------]
[------ComputeBlocks--Inicio de compute_blocks--------------]
[-------Inicio de d_compute_blocks------------------------------]
[-------Numero de threads.x:4-threads.y:8-grid.x:83-grid.y:63-]
[-------Fin de d_compute_blocks---------------------------------]
[------ComputeBlocks--Fin de compute_blocks--------------]
[-----TrainSVM---Inicio de svm_evaluate-----]
[-----TrainSVM---Inicio de svm_evaluate_one_model-]
[-------Inicio de d_svm_seven------------------------------]
[-------Threads.x:256-threads.y:1-----grid.x:77-grid.y:49--]
[-------Fin de d_svm_seven---------------------------------]
[-----TrainSVM---Fin de svm_evaluate_one_model-]
[-----TrainSVM---Fin de svm_evaluate-----]
[-----HOG---Fin de hog_process_image--------------------]
[-----HOG---Inicio de hog_process_image-----------------]
[------CalculateGradients--Inicio de compute_gradients--------------]
[-------Inicio de d_compute_gradients-----------------------]
[-------threads.x:16--threads.x:16--grids.x:41--grids.x:31--]
[-------Fin de d_compute_gradients--------------------------]
[------CalculateGradients--Fin de compute_gradients----------------]
[------ComputeBlocks--Inicio de compute_blocks--------------]
[-------Inicio de d_compute_blocks------------------------------]
[-------Numero de threads.x:4-threads.y:8-grid.x:80-grid.y:61-]
[-------Fin de d_compute_blocks---------------------------------]
[------ComputeBlocks--Fin de compute_blocks--------------]
[-----TrainSVM---Inicio de svm_evaluate-----]
[-----TrainSVM---Inicio de svm_evaluate_one_model-]
[-------Inicio de d_svm_seven------------------------------]
[-------Threads.x:256-threads.y:1-----grid.x:74-grid.y:47--]
[-------Fin de d_svm_seven---------------------------------]
[-----TrainSVM---Fin de svm_evaluate_one_model-]
[-----TrainSVM---Fin de svm_evaluate-----]
[-----HOG---Fin de hog_process_image--------------------]
[-----HOG---Inicio de hog_process_image-----------------]
[------CalculateGradients--Inicio de compute_gradients--------------]
[-------Inicio de d_compute_gradients-----------------------]
[-------threads.x:16--threads.x:16--grids.x:39--grids.x:30--]
[-------Fin de d_compute_gradients--------------------------]
[------CalculateGradients--Fin de compute_gradients----------------]
[------ComputeBlocks--Inicio de compute_blocks--------------]
[-------Inicio de d_compute_blocks------------------------------]
[-------Numero de threads.x:4-threads.y:8-grid.x:76-grid.y:58-]
[-------Fin de d_compute_blocks---------------------------------]
[------ComputeBlocks--Fin de compute_blocks--------------]
[-----TrainSVM---Inicio de svm_evaluate-----]
[-----TrainSVM---Inicio de svm_evaluate_one_model-]
[-------Inicio de d_svm_seven------------------------------]
[-------Threads.x:256-threads.y:1-----grid.x:70-grid.y:44--]
[-------Fin de d_svm_seven---------------------------------]
[-----TrainSVM---Fin de svm_evaluate_one_model-]
[-----TrainSVM---Fin de svm_evaluate-----]
[-----HOG---Fin de hog_process_image--------------------]
[-----HOG---Inicio de hog_process_image-----------------]
[------CalculateGradients--Inicio de compute_gradients--------------]
[-------Inicio de d_compute_gradients-----------------------]
[-------threads.x:16--threads.x:16--grids.x:37--grids.x:28--]
[-------Fin de d_compute_gradients--------------------------]
[------CalculateGradients--Fin de compute_gradients----------------]
[------ComputeBlocks--Inicio de compute_blocks--------------]
[-------Inicio de d_compute_blocks------------------------------]
[-------Numero de threads.x:4-threads.y:8-grid.x:72-grid.y:55-]
[-------Fin de d_compute_blocks---------------------------------]
[------ComputeBlocks--Fin de compute_blocks--------------]
[-----TrainSVM---Inicio de svm_evaluate-----]
[-----TrainSVM---Inicio de svm_evaluate_one_model-]
[-------Inicio de d_svm_seven------------------------------]
[-------Threads.x:256-threads.y:1-----grid.x:66-grid.y:41--]
[-------Fin de d_svm_seven---------------------------------]
[-----TrainSVM---Fin de svm_evaluate_one_model-]
[-----TrainSVM---Fin de svm_evaluate-----]
[-----HOG---Fin de hog_process_image--------------------]
[-----HOG---Inicio de hog_process_image-----------------]
[------CalculateGradients--Inicio de compute_gradients--------------]
[-------Inicio de d_compute_gradients-----------------------]
[-------threads.x:16--threads.x:16--grids.x:35--grids.x:27--]
[-------Fin de d_compute_gradients--------------------------]
[------CalculateGradients--Fin de compute_gradients----------------]
[------ComputeBlocks--Inicio de compute_blocks--------------]
[-------Inicio de d_compute_blocks------------------------------]
[-------Numero de threads.x:4-threads.y:8-grid.x:69-grid.y:53-]
[-------Fin de d_compute_blocks---------------------------------]
[------ComputeBlocks--Fin de compute_blocks--------------]
[-----TrainSVM---Inicio de svm_evaluate-----]
[-----TrainSVM---Inicio de svm_evaluate_one_model-]
[-------Inicio de d_svm_seven------------------------------]
[-------Threads.x:256-threads.y:1-----grid.x:63-grid.y:39--]
[-------Fin de d_svm_seven---------------------------------]
[-----TrainSVM---Fin de svm_evaluate_one_model-]
[-----TrainSVM---Fin de svm_evaluate-----]
[-----HOG---Fin de hog_process_image--------------------]
[-----HOG---Inicio de hog_process_image-----------------]
[------CalculateGradients--Inicio de compute_gradients--------------]
[-------Inicio de d_compute_gradients-----------------------]
[-------threads.x:16--threads.x:16--grids.x:34--grids.x:26--]
[-------Fin de d_compute_gradients--------------------------]
[------CalculateGradients--Fin de compute_gradients----------------]
[------ComputeBlocks--Inicio de compute_blocks--------------]
[-------Inicio de d_compute_blocks------------------------------]
[-------Numero de threads.x:4-threads.y:8-grid.x:66-grid.y:50-]
[-------Fin de d_compute_blocks---------------------------------]
[------ComputeBlocks--Fin de compute_blocks--------------]
[-----TrainSVM---Inicio de svm_evaluate-----]
[-----TrainSVM---Inicio de svm_evaluate_one_model-]
[-------Inicio de d_svm_seven------------------------------]
[-------Threads.x:256-threads.y:1-----grid.x:60-grid.y:36--]
[-------Fin de d_svm_seven---------------------------------]
[-----TrainSVM---Fin de svm_evaluate_one_model-]
[-----TrainSVM---Fin de svm_evaluate-----]
[-----HOG---Fin de hog_process_image--------------------]
[-----HOG---Inicio de hog_process_image-----------------]
[------CalculateGradients--Inicio de compute_gradients--------------]
[-------Inicio de d_compute_gradients-----------------------]
[-------threads.x:16--threads.x:16--grids.x:32--grids.x:25--]
[-------Fin de d_compute_gradients--------------------------]
[------CalculateGradients--Fin de compute_gradients----------------]
[------ComputeBlocks--Inicio de compute_blocks--------------]
[-------Inicio de d_compute_blocks------------------------------]
[-------Numero de threads.x:4-threads.y:8-grid.x:63-grid.y:48-]
[-------Fin de d_compute_blocks---------------------------------]
[------ComputeBlocks--Fin de compute_blocks--------------]
[-----TrainSVM---Inicio de svm_evaluate-----]
[-----TrainSVM---Inicio de svm_evaluate_one_model-]
[-------Inicio de d_svm_seven------------------------------]
[-------Threads.x:256-threads.y:1-----grid.x:57-grid.y:34--]
[-------Fin de d_svm_seven---------------------------------]
[-----TrainSVM---Fin de svm_evaluate_one_model-]
[-----TrainSVM---Fin de svm_evaluate-----]
[-----HOG---Fin de hog_process_image--------------------]
[-----HOG---Inicio de hog_process_image-----------------]
[------CalculateGradients--Inicio de compute_gradients--------------]
[-------Inicio de d_compute_gradients-----------------------]
[-------threads.x:16--threads.x:16--grids.x:31--grids.x:24--]
[-------Fin de d_compute_gradients--------------------------]
[------CalculateGradients--Fin de compute_gradients----------------]
[------ComputeBlocks--Inicio de compute_blocks--------------]
[-------Inicio de d_compute_blocks------------------------------]
[-------Numero de threads.x:4-threads.y:8-grid.x:60-grid.y:46-]
[-------Fin de d_compute_blocks---------------------------------]
[------ComputeBlocks--Fin de compute_blocks--------------]
[-----TrainSVM---Inicio de svm_evaluate-----]
[-----TrainSVM---Inicio de svm_evaluate_one_model-]
[-------Inicio de d_svm_seven------------------------------]
[-------Threads.x:256-threads.y:1-----grid.x:54-grid.y:32--]
[-------Fin de d_svm_seven---------------------------------]
[-----TrainSVM---Fin de svm_evaluate_one_model-]
---TrainSVM---evaluateModelsSVM---El valor de detectionList[i].size():::0++++
[-----TrainSVM---Fin de svm_evaluate-----]
[-----HOG---Fin de hog_process_image--------------------]
[-----HOG---Inicio de hog_process_image-----------------]
[------CalculateGradients--Inicio de compute_gradients--------------]
[-------Inicio de d_compute_gradients-----------------------]
[-------threads.x:16--threads.x:16--grids.x:30--grids.x:23--]
[-------Fin de d_compute_gradients--------------------------]
[------CalculateGradients--Fin de compute_gradients----------------]
[------ComputeBlocks--Inicio de compute_blocks--------------]
[-------Inicio de d_compute_blocks------------------------------]
[-------Numero de threads.x:4-threads.y:8-grid.x:58-grid.y:44-]
[-------Fin de d_compute_blocks---------------------------------]
[------ComputeBlocks--Fin de compute_blocks--------------]
[-----TrainSVM---Inicio de svm_evaluate-----]
[-----TrainSVM---Inicio de svm_evaluate_one_model-]
[-------Inicio de d_svm_seven------------------------------]
[-------Threads.x:256-threads.y:1-----grid.x:52-grid.y:30--]
[-------Fin de d_svm_seven---------------------------------]
[-----TrainSVM---Fin de svm_evaluate_one_model-]
[-----TrainSVM---Fin de svm_evaluate-----]
[-----HOG---Fin de hog_process_image--------------------]
[-----HOG---Inicio de hog_process_image-----------------]
[------CalculateGradients--Inicio de compute_gradients--------------]
[-------Inicio de d_compute_gradients-----------------------]
[-------threads.x:16--threads.x:16--grids.x:28--grids.x:22--]
[-------Fin de d_compute_gradients--------------------------]
[------CalculateGradients--Fin de compute_gradients----------------]
[------ComputeBlocks--Inicio de compute_blocks--------------]
[-------Inicio de d_compute_blocks------------------------------]
[-------Numero de threads.x:4-threads.y:8-grid.x:55-grid.y:42-]
[-------Fin de d_compute_blocks---------------------------------]
[------ComputeBlocks--Fin de compute_blocks--------------]
[-----TrainSVM---Inicio de svm_evaluate-----]
[-----TrainSVM---Inicio de svm_evaluate_one_model-]
[-------Inicio de d_svm_seven------------------------------]
[-------Threads.x:256-threads.y:1-----grid.x:49-grid.y:28--]
[-------Fin de d_svm_seven---------------------------------]
[-----TrainSVM---Fin de svm_evaluate_one_model-]
[-----TrainSVM---Fin de svm_evaluate-----]
[-----HOG---Fin de hog_process_image--------------------]
[-----HOG---Inicio de hog_process_image-----------------]
[------CalculateGradients--Inicio de compute_gradients--------------]
[-------Inicio de d_compute_gradients-----------------------]
[-------threads.x:16--threads.x:16--grids.x:27--grids.x:21--]
[-------Fin de d_compute_gradients--------------------------]
[------CalculateGradients--Fin de compute_gradients----------------]
[------ComputeBlocks--Inicio de compute_blocks--------------]
[-------Inicio de d_compute_blocks------------------------------]
[-------Numero de threads.x:4-threads.y:8-grid.x:52-grid.y:40-]
[-------Fin de d_compute_blocks---------------------------------]
[------ComputeBlocks--Fin de compute_blocks--------------]
[-----TrainSVM---Inicio de svm_evaluate-----]
[-----TrainSVM---Inicio de svm_evaluate_one_model-]
[-------Inicio de d_svm_seven------------------------------]
[-------Threads.x:256-threads.y:1-----grid.x:46-grid.y:26--]
[-------Fin de d_svm_seven---------------------------------]
[-----TrainSVM---Fin de svm_evaluate_one_model-]
[-----TrainSVM---Fin de svm_evaluate-----]
[-----HOG---Fin de hog_process_image--------------------]
[-----HOG---Inicio de hog_process_image-----------------]
[------CalculateGradients--Inicio de compute_gradients--------------]
[-------Inicio de d_compute_gradients-----------------------]
[-------threads.x:16--threads.x:16--grids.x:26--grids.x:20--]
[-------Fin de d_compute_gradients--------------------------]
[------CalculateGradients--Fin de compute_gradients----------------]
[------ComputeBlocks--Inicio de compute_blocks--------------]
[-------Inicio de d_compute_blocks------------------------------]
[-------Numero de threads.x:4-threads.y:8-grid.x:50-grid.y:38-]
[-------Fin de d_compute_blocks---------------------------------]
[------ComputeBlocks--Fin de compute_blocks--------------]
[-----TrainSVM---Inicio de svm_evaluate-----]
[-----TrainSVM---Inicio de svm_evaluate_one_model-]
[-------Inicio de d_svm_seven------------------------------]
[-------Threads.x:256-threads.y:1-----grid.x:44-grid.y:24--]
[-------Fin de d_svm_seven---------------------------------]
[-----TrainSVM---Fin de svm_evaluate_one_model-]
[-----TrainSVM---Fin de svm_evaluate-----]
[-----HOG---Fin de hog_process_image--------------------]
[-----HOG---Inicio de hog_process_image-----------------]
[------CalculateGradients--Inicio de compute_gradients--------------]
[-------Inicio de d_compute_gradients-----------------------]
[-------threads.x:16--threads.x:16--grids.x:25--grids.x:19--]
[-------Fin de d_compute_gradients--------------------------]
[------CalculateGradients--Fin de compute_gradients----------------]
[------ComputeBlocks--Inicio de compute_blocks--------------]
[-------Inicio de d_compute_blocks------------------------------]
[-------Numero de threads.x:4-threads.y:8-grid.x:48-grid.y:37-]
[-------Fin de d_compute_blocks---------------------------------]
[------ComputeBlocks--Fin de compute_blocks--------------]
[-----TrainSVM---Inicio de svm_evaluate-----]
[-----TrainSVM---Inicio de svm_evaluate_one_model-]
[-------Inicio de d_svm_seven------------------------------]
[-------Threads.x:256-threads.y:1-----grid.x:42-grid.y:23--]
[-------Fin de d_svm_seven---------------------------------]
[-----TrainSVM---Fin de svm_evaluate_one_model-]
[-----TrainSVM---Fin de svm_evaluate-----]
[-----HOG---Fin de hog_process_image--------------------]
[-----HOG---Inicio de hog_process_image-----------------]
[------CalculateGradients--Inicio de compute_gradients--------------]
[-------Inicio de d_compute_gradients-----------------------]
[-------threads.x:16--threads.x:16--grids.x:24--grids.x:18--]
[-------Fin de d_compute_gradients--------------------------]
[------CalculateGradients--Fin de compute_gradients----------------]
[------ComputeBlocks--Inicio de compute_blocks--------------]
[-------Inicio de d_compute_blocks------------------------------]
[-------Numero de threads.x:4-threads.y:8-grid.x:46-grid.y:35-]
[-------Fin de d_compute_blocks---------------------------------]
[------ComputeBlocks--Fin de compute_blocks--------------]
[-----TrainSVM---Inicio de svm_evaluate-----]
[-----TrainSVM---Inicio de svm_evaluate_one_model-]
[-------Inicio de d_svm_seven------------------------------]
[-------Threads.x:256-threads.y:1-----grid.x:40-grid.y:21--]
[-------Fin de d_svm_seven---------------------------------]
[-----TrainSVM---Fin de svm_evaluate_one_model-]
[-----TrainSVM---Fin de svm_evaluate-----]
[-----HOG---Fin de hog_process_image--------------------]
[-----HOG---Inicio de hog_process_image-----------------]
[------CalculateGradients--Inicio de compute_gradients--------------]
[-------Inicio de d_compute_gradients-----------------------]
[-------threads.x:16--threads.x:16--grids.x:23--grids.x:18--]
[-------Fin de d_compute_gradients--------------------------]
[------CalculateGradients--Fin de compute_gradients----------------]
[------ComputeBlocks--Inicio de compute_blocks--------------]
[-------Inicio de d_compute_blocks------------------------------]
[-------Numero de threads.x:4-threads.y:8-grid.x:44-grid.y:34-]
[-------Fin de d_compute_blocks---------------------------------]
[------ComputeBlocks--Fin de compute_blocks--------------]
[-----TrainSVM---Inicio de svm_evaluate-----]
[-----TrainSVM---Inicio de svm_evaluate_one_model-]
[-------Inicio de d_svm_seven------------------------------]
[-------Threads.x:256-threads.y:1-----grid.x:38-grid.y:20--]
[-------Fin de d_svm_seven---------------------------------]
[-----TrainSVM---Fin de svm_evaluate_one_model-]
[-----TrainSVM---Fin de svm_evaluate-----]
[-----HOG---Fin de hog_process_image--------------------]
[-----HOG---Inicio de hog_process_image-----------------]
[------CalculateGradients--Inicio de compute_gradients--------------]
[-------Inicio de d_compute_gradients-----------------------]
[-------threads.x:16--threads.x:16--grids.x:22--grids.x:17--]
[-------Fin de d_compute_gradients--------------------------]
[------CalculateGradients--Fin de compute_gradients----------------]
[------ComputeBlocks--Inicio de compute_blocks--------------]
[-------Inicio de d_compute_blocks------------------------------]
[-------Numero de threads.x:4-threads.y:8-grid.x:42-grid.y:32-]
[-------Fin de d_compute_blocks---------------------------------]
[------ComputeBlocks--Fin de compute_blocks--------------]
[-----TrainSVM---Inicio de svm_evaluate-----]
[-----TrainSVM---Inicio de svm_evaluate_one_model-]
[-------Inicio de d_svm_seven------------------------------]
[-------Threads.x:256-threads.y:1-----grid.x:36-grid.y:18--]
[-------Fin de d_svm_seven---------------------------------]
[-----TrainSVM---Fin de svm_evaluate_one_model-]
[-----TrainSVM---Fin de svm_evaluate-----]
[-----HOG---Fin de hog_process_image--------------------]
[-----HOG---Inicio de hog_process_image-----------------]
[------CalculateGradients--Inicio de compute_gradients--------------]
[-------Inicio de d_compute_gradients-----------------------]
[-------threads.x:16--threads.x:16--grids.x:21--grids.x:16--]
[-------Fin de d_compute_gradients--------------------------]
[------CalculateGradients--Fin de compute_gradients----------------]
[------ComputeBlocks--Inicio de compute_blocks--------------]
[-------Inicio de d_compute_blocks------------------------------]
[-------Numero de threads.x:4-threads.y:8-grid.x:40-grid.y:31-]
[-------Fin de d_compute_blocks---------------------------------]
[------ComputeBlocks--Fin de compute_blocks--------------]
[-----TrainSVM---Inicio de svm_evaluate-----]
[-----TrainSVM---Inicio de svm_evaluate_one_model-]
[-------Inicio de d_svm_seven------------------------------]
[-------Threads.x:256-threads.y:1-----grid.x:34-grid.y:17--]
[-------Fin de d_svm_seven---------------------------------]
[-----TrainSVM---Fin de svm_evaluate_one_model-]
[-----TrainSVM---Fin de svm_evaluate-----]
[-----HOG---Fin de hog_process_image--------------------]
[-----HOG---Inicio de hog_process_image-----------------]
[------CalculateGradients--Inicio de compute_gradients--------------]
[-------Inicio de d_compute_gradients-----------------------]
[-------threads.x:16--threads.x:16--grids.x:20--grids.x:16--]
[-------Fin de d_compute_gradients--------------------------]
[------CalculateGradients--Fin de compute_gradients----------------]
[------ComputeBlocks--Inicio de compute_blocks--------------]
[-------Inicio de d_compute_blocks------------------------------]
[-------Numero de threads.x:4-threads.y:8-grid.x:38-grid.y:30-]
[-------Fin de d_compute_blocks---------------------------------]
[------ComputeBlocks--Fin de compute_blocks--------------]
[-----TrainSVM---Inicio de svm_evaluate-----]
[-----TrainSVM---Inicio de svm_evaluate_one_model-]
[-------Inicio de d_svm_seven------------------------------]
[-------Threads.x:256-threads.y:1-----grid.x:32-grid.y:16--]
[-------Fin de d_svm_seven---------------------------------]
[-----TrainSVM---Fin de svm_evaluate_one_model-]
[-----TrainSVM---Fin de svm_evaluate-----]
[-----HOG---Fin de hog_process_image--------------------]
[-----HOG---Inicio de hog_process_image-----------------]
[------CalculateGradients--Inicio de compute_gradients--------------]
[-------Inicio de d_compute_gradients-----------------------]
[-------threads.x:16--threads.x:16--grids.x:19--grids.x:15--]
[-------Fin de d_compute_gradients--------------------------]
[------CalculateGradients--Fin de compute_gradients----------------]
[------ComputeBlocks--Inicio de compute_blocks--------------]
[-------Inicio de d_compute_blocks------------------------------]
[-------Numero de threads.x:4-threads.y:8-grid.x:37-grid.y:28-]
[-------Fin de d_compute_blocks---------------------------------]
[------ComputeBlocks--Fin de compute_blocks--------------]
[-----TrainSVM---Inicio de svm_evaluate-----]
[-----TrainSVM---Inicio de svm_evaluate_one_model-]
[-------Inicio de d_svm_seven------------------------------]
[-------Threads.x:256-threads.y:1-----grid.x:31-grid.y:14--]
[-------Fin de d_svm_seven---------------------------------]
[-----TrainSVM---Fin de svm_evaluate_one_model-]
[-----TrainSVM---Fin de svm_evaluate-----]
[-----HOG---Fin de hog_process_image--------------------]
[-----HOG---Inicio de hog_process_image-----------------]
[------CalculateGradients--Inicio de compute_gradients--------------]
[-------Inicio de d_compute_gradients-----------------------]
[-------threads.x:16--threads.x:16--grids.x:18--grids.x:14--]
[-------Fin de d_compute_gradients--------------------------]
[------CalculateGradients--Fin de compute_gradients----------------]
[------ComputeBlocks--Inicio de compute_blocks--------------]
[-------Inicio de d_compute_blocks------------------------------]
[-------Numero de threads.x:4-threads.y:8-grid.x:35-grid.y:27-]
[-------Fin de d_compute_blocks---------------------------------]
[------ComputeBlocks--Fin de compute_blocks--------------]
[-----TrainSVM---Inicio de svm_evaluate-----]
[-----TrainSVM---Inicio de svm_evaluate_one_model-]
[-------Inicio de d_svm_seven------------------------------]
[-------Threads.x:256-threads.y:1-----grid.x:29-grid.y:13--]
[-------Fin de d_svm_seven---------------------------------]
[-----TrainSVM---Fin de svm_evaluate_one_model-]
[-----TrainSVM---Fin de svm_evaluate-----]
[-----HOG---Fin de hog_process_image--------------------]
[-----HOG---Inicio de hog_process_image-----------------]
[------CalculateGradients--Inicio de compute_gradients--------------]
[-------Inicio de d_compute_gradients-----------------------]
[-------threads.x:16--threads.x:16--grids.x:18--grids.x:14--]
[-------Fin de d_compute_gradients--------------------------]
[------CalculateGradients--Fin de compute_gradients----------------]
[------ComputeBlocks--Inicio de compute_blocks--------------]
[-------Inicio de d_compute_blocks------------------------------]
[-------Numero de threads.x:4-threads.y:8-grid.x:34-grid.y:26-]
[-------Fin de d_compute_blocks---------------------------------]
[------ComputeBlocks--Fin de compute_blocks--------------]
[-----TrainSVM---Inicio de svm_evaluate-----]
[-----TrainSVM---Inicio de svm_evaluate_one_model-]
[-------Inicio de d_svm_seven------------------------------]
[-------Threads.x:256-threads.y:1-----grid.x:28-grid.y:12--]
[-------Fin de d_svm_seven---------------------------------]
[-----TrainSVM---Fin de svm_evaluate_one_model-]
[-----TrainSVM---Fin de svm_evaluate-----]
[-----HOG---Fin de hog_process_image--------------------]
[-----HOG---Inicio de hog_process_image-----------------]
[------CalculateGradients--Inicio de compute_gradients--------------]
[-------Inicio de d_compute_gradients-----------------------]
[-------threads.x:16--threads.x:16--grids.x:17--grids.x:13--]
[-------Fin de d_compute_gradients--------------------------]
[------CalculateGradients--Fin de compute_gradients----------------]
[------ComputeBlocks--Inicio de compute_blocks--------------]
[-------Inicio de d_compute_blocks------------------------------]
[-------Numero de threads.x:4-threads.y:8-grid.x:32-grid.y:25-]
[-------Fin de d_compute_blocks---------------------------------]
[------ComputeBlocks--Fin de compute_blocks--------------]
[-----TrainSVM---Inicio de svm_evaluate-----]
[-----TrainSVM---Inicio de svm_evaluate_one_model-]
[-------Inicio de d_svm_seven------------------------------]
[-------Threads.x:256-threads.y:1-----grid.x:26-grid.y:11--]
[-------Fin de d_svm_seven---------------------------------]
[-----TrainSVM---Fin de svm_evaluate_one_model-]
[-----TrainSVM---Fin de svm_evaluate-----]
[-----HOG---Fin de hog_process_image--------------------]
[-----HOG---Inicio de hog_process_image-----------------]
[------CalculateGradients--Inicio de compute_gradients--------------]
[-------Inicio de d_compute_gradients-----------------------]
[-------threads.x:16--threads.x:16--grids.x:16--grids.x:13--]
[-------Fin de d_compute_gradients--------------------------]
[------CalculateGradients--Fin de compute_gradients----------------]
[------ComputeBlocks--Inicio de compute_blocks--------------]
[-------Inicio de d_compute_blocks------------------------------]
[-------Numero de threads.x:4-threads.y:8-grid.x:31-grid.y:24-]
[-------Fin de d_compute_blocks---------------------------------]
[------ComputeBlocks--Fin de compute_blocks--------------]
[-----TrainSVM---Inicio de svm_evaluate-----]
[-----TrainSVM---Inicio de svm_evaluate_one_model-]
[-------Inicio de d_svm_seven------------------------------]
[-------Threads.x:256-threads.y:1-----grid.x:25-grid.y:10--]
[-------Fin de d_svm_seven---------------------------------]
[-----TrainSVM---Fin de svm_evaluate_one_model-]
[-----TrainSVM---Fin de svm_evaluate-----]
[-----HOG---Fin de hog_process_image--------------------]
[-----HOG---Inicio de hog_process_image-----------------]
[------CalculateGradients--Inicio de compute_gradients--------------]
[-------Inicio de d_compute_gradients-----------------------]
[-------threads.x:16--threads.x:16--grids.x:15--grids.x:12--]
[-------Fin de d_compute_gradients--------------------------]
[------CalculateGradients--Fin de compute_gradients----------------]
[------ComputeBlocks--Inicio de compute_blocks--------------]
[-------Inicio de d_compute_blocks------------------------------]
[-------Numero de threads.x:4-threads.y:8-grid.x:29-grid.y:23-]
[-------Fin de d_compute_blocks---------------------------------]
[------ComputeBlocks--Fin de compute_blocks--------------]
[-----TrainSVM---Inicio de svm_evaluate-----]
[-----TrainSVM---Inicio de svm_evaluate_one_model-]
[-------Inicio de d_svm_seven------------------------------]
[-------Threads.x:256-threads.y:1-----grid.x:23-grid.y:9--]
[-------Fin de d_svm_seven---------------------------------]
[-----TrainSVM---Fin de svm_evaluate_one_model-]
[-----TrainSVM---Fin de svm_evaluate-----]
[-----HOG---Fin de hog_process_image--------------------]
[-----HOG---Inicio de hog_process_image-----------------]
[------CalculateGradients--Inicio de compute_gradients--------------]
[-------Inicio de d_compute_gradients-----------------------]
[-------threads.x:16--threads.x:16--grids.x:15--grids.x:12--]
[-------Fin de d_compute_gradients--------------------------]
[------CalculateGradients--Fin de compute_gradients----------------]
[------ComputeBlocks--Inicio de compute_blocks--------------]
[-------Inicio de d_compute_blocks------------------------------]
[-------Numero de threads.x:4-threads.y:8-grid.x:28-grid.y:22-]
[-------Fin de d_compute_blocks---------------------------------]
[------ComputeBlocks--Fin de compute_blocks--------------]
[-----TrainSVM---Inicio de svm_evaluate-----]
[-----TrainSVM---Inicio de svm_evaluate_one_model-]
[-------Inicio de d_svm_seven------------------------------]
[-------Threads.x:256-threads.y:1-----grid.x:22-grid.y:8--]
[-------Fin de d_svm_seven---------------------------------]
[-----TrainSVM---Fin de svm_evaluate_one_model-]
[-----TrainSVM---Fin de svm_evaluate-----]
[-----HOG---Fin de hog_process_image--------------------]
[-----HOG---Inicio de hog_process_image-----------------]
[------CalculateGradients--Inicio de compute_gradients--------------]
[-------Inicio de d_compute_gradients-----------------------]
[-------threads.x:16--threads.x:16--grids.x:14--grids.x:11--]
[-------Fin de d_compute_gradients--------------------------]
[------CalculateGradients--Fin de compute_gradients----------------]
[------ComputeBlocks--Inicio de compute_blocks--------------]
[-------Inicio de d_compute_blocks------------------------------]
[-------Numero de threads.x:4-threads.y:8-grid.x:27-grid.y:21-]
[-------Fin de d_compute_blocks---------------------------------]
[------ComputeBlocks--Fin de compute_blocks--------------]
[-----TrainSVM---Inicio de svm_evaluate-----]
[-----TrainSVM---Inicio de svm_evaluate_one_model-]
[-------Inicio de d_svm_seven------------------------------]
[-------Threads.x:256-threads.y:1-----grid.x:21-grid.y:7--]
[-------Fin de d_svm_seven---------------------------------]
[-----TrainSVM---Fin de svm_evaluate_one_model-]
[-----TrainSVM---Fin de svm_evaluate-----]
[-----HOG---Fin de hog_process_image--------------------]
[-----HOG---Inicio de hog_process_image-----------------]
[------CalculateGradients--Inicio de compute_gradients--------------]
[-------Inicio de d_compute_gradients-----------------------]
[-------threads.x:16--threads.x:16--grids.x:14--grids.x:11--]
[-------Fin de d_compute_gradients--------------------------]
[------CalculateGradients--Fin de compute_gradients----------------]
[------ComputeBlocks--Inicio de compute_blocks--------------]
[-------Inicio de d_compute_blocks------------------------------]
[-------Numero de threads.x:4-threads.y:8-grid.x:26-grid.y:20-]
[-------Fin de d_compute_blocks---------------------------------]
[------ComputeBlocks--Fin de compute_blocks--------------]
[-----TrainSVM---Inicio de svm_evaluate-----]
[-----TrainSVM---Inicio de svm_evaluate_one_model-]
[-------Inicio de d_svm_seven------------------------------]
[-------Threads.x:256-threads.y:1-----grid.x:20-grid.y:6--]
[-------Fin de d_svm_seven---------------------------------]
[-----TrainSVM---Fin de svm_evaluate_one_model-]
[-----TrainSVM---Fin de svm_evaluate-----]
[-----HOG---Fin de hog_process_image--------------------]
[-----HOG---Inicio de hog_process_image-----------------]
[------CalculateGradients--Inicio de compute_gradients--------------]
[-------Inicio de d_compute_gradients-----------------------]
[-------threads.x:16--threads.x:16--grids.x:13--grids.x:10--]
[-------Fin de d_compute_gradients--------------------------]
[------CalculateGradients--Fin de compute_gradients----------------]
[------ComputeBlocks--Inicio de compute_blocks--------------]
[-------Inicio de d_compute_blocks------------------------------]
[-------Numero de threads.x:4-threads.y:8-grid.x:25-grid.y:19-]
[-------Fin de d_compute_blocks---------------------------------]
[------ComputeBlocks--Fin de compute_blocks--------------]
[-----TrainSVM---Inicio de svm_evaluate-----]
[-----TrainSVM---Inicio de svm_evaluate_one_model-]
[-------Inicio de d_svm_seven------------------------------]
[-------Threads.x:256-threads.y:1-----grid.x:19-grid.y:5--]
[-------Fin de d_svm_seven---------------------------------]
[-----TrainSVM---Fin de svm_evaluate_one_model-]
[-----TrainSVM---Fin de svm_evaluate-----]
[-----HOG---Fin de hog_process_image--------------------]
[-----HOG---Inicio de hog_process_image-----------------]
[------CalculateGradients--Inicio de compute_gradients--------------]
[-------Inicio de d_compute_gradients-----------------------]
[-------threads.x:16--threads.x:16--grids.x:13--grids.x:10--]
[-------Fin de d_compute_gradients--------------------------]
[------CalculateGradients--Fin de compute_gradients----------------]
[------ComputeBlocks--Inicio de compute_blocks--------------]
[-------Inicio de d_compute_blocks------------------------------]
[-------Numero de threads.x:4-threads.y:8-grid.x:24-grid.y:19-]
[-------Fin de d_compute_blocks---------------------------------]
[------ComputeBlocks--Fin de compute_blocks--------------]
[-----TrainSVM---Inicio de svm_evaluate-----]
[-----TrainSVM---Inicio de svm_evaluate_one_model-]
[-------Inicio de d_svm_seven------------------------------]
[-------Threads.x:256-threads.y:1-----grid.x:18-grid.y:5--]
[-------Fin de d_svm_seven---------------------------------]
[-----TrainSVM---Fin de svm_evaluate_one_model-]
[-----TrainSVM---Fin de svm_evaluate-----]
[-----HOG---Fin de hog_process_image--------------------]
---SkipSuppression---processDetectionList---detection--->1
[-----HOG---Fin de hog_process_image_multiscale-------]
[----UC3M_HOG_GPU---Fin de test_images-------------]

statistics:
Blocks:	56376
SVM:	33326
gradients:	 1.599154
blocks:		 0.609435
svm:		 1480.153028
nms:		 0.086534

time per frame:	 482.773753

[---Main---Fin de Main--------------]
